0 info it worked if it ends with ok
1 verbose cli [ '/usr/bin/node', '/usr/bin/npm', 'publish' ]
2 info using npm@3.5.2
3 info using node@v8.10.0
4 verbose publish [ '.' ]
5 silly cache add args [ '.', null ]
6 verbose cache add spec .
7 silly cache add parsed spec Result {
7 silly cache add   raw: '.',
7 silly cache add   scope: null,
7 silly cache add   name: null,
7 silly cache add   rawSpec: '.',
7 silly cache add   spec: '/home/ana/Documents/roman-to-arabic',
7 silly cache add   type: 'directory' }
8 verbose addLocalDirectory /home/ana/.npm/roman-to-arabic-lib-ab/1.0.0/package.tgz not in flight; packing
9 info lifecycle roman-to-arabic-lib-ab@1.0.0~prepublish: roman-to-arabic-lib-ab@1.0.0
10 silly lifecycle roman-to-arabic-lib-ab@1.0.0~prepublish: no script for prepublish, continuing
11 verbose tar pack [ '/home/ana/.npm/roman-to-arabic-lib-ab/1.0.0/package.tgz',
11 verbose tar pack   '/home/ana/Documents/roman-to-arabic' ]
12 verbose tarball /home/ana/.npm/roman-to-arabic-lib-ab/1.0.0/package.tgz
13 verbose folder /home/ana/Documents/roman-to-arabic
14 verbose addLocalTarball adding from inside cache /home/ana/.npm/roman-to-arabic-lib-ab/1.0.0/package.tgz
15 silly cache afterAdd roman-to-arabic-lib-ab@1.0.0
16 verbose afterAdd /home/ana/.npm/roman-to-arabic-lib-ab/1.0.0/package/package.json not in flight; writing
17 verbose afterAdd /home/ana/.npm/roman-to-arabic-lib-ab/1.0.0/package/package.json written
18 silly publish { name: 'roman-to-arabic-lib-ab',
18 silly publish   version: '1.0.0',
18 silly publish   description: 'Converte de algarismos romanos para arábicos para uso em aplicações web',
18 silly publish   main: 'index.js',
18 silly publish   scripts: { test: 'nyc mocha' },
18 silly publish   repository:
18 silly publish    { type: 'git',
18 silly publish      url: 'git+https://github.com/ana-biscalchin/roman-to-arabic-lib.git' },
18 silly publish   author: '',
18 silly publish   license: 'ISC',
18 silly publish   bugs:
18 silly publish    { url: 'https://github.com/ana-biscalchin/roman-to-arabic-lib/issues' },
18 silly publish   homepage: 'https://github.com/ana-biscalchin/roman-to-arabic-lib#readme',
18 silly publish   dependencies:
18 silly publish    { chai: '^4.2.0',
18 silly publish      eslint: '^5.16.0',
18 silly publish      mocha: '^6.1.4',
18 silly publish      nyc: '^14.1.0' },
18 silly publish   devDependencies:
18 silly publish    { chai: '^4.2.0',
18 silly publish      eslint: '^5.16.0',
18 silly publish      mocha: '^6.1.4',
18 silly publish      nyc: '^14.1.0' },
18 silly publish   readme: '# Conversor de algarismos romanos para arábicos v.1\n\n**Esta biblioteca se destina à conversão de algarismos romanos para arábicos e de arábicos para romanos, para uso em aplicações web.**\n\n\nNa versão atual é capaz de converter números em algarismos romanos de 1 a 3999 para seus equivalentes em algarismos arábicos e também realiza a operação inversa.\n\n## Como instalar:\n\n```shell\n\n$  npm install roman-to-arabic-lib\n\n```\n\n## Como utilizar:\n\n```node\n\n> const convert = require("./lib/index");\n> convert.intToRoman(101)> // returns "CI"\n> convert.romanToInt("CI") // returns "101"\n\n```\n\n## roadmap oficial do projeto\n\n#### versão 3.0.0 (sem previsão, aceita-se contribuições)\n- README tradução para o inglês;\n\n\n#### versão 2.0.0 (previsão julho/2019)\n- implementação da conversão para números acima de 3999;\n- correção de bugs;\n\n#### versão 1.0.0 (released)\n - funcionalidades:\n\t - conversão de algarismos romanos em arábicos de 1 até 3999. \n\t - conversão de algarismos arábicos em romanos de 1 até 3999.\n\n',
18 silly publish   readmeFilename: 'README.md',
18 silly publish   gitHead: 'f50e702552a0883849b46e1c1b7304c5f05c5894',
18 silly publish   _id: 'roman-to-arabic-lib-ab@1.0.0',
18 silly publish   _shasum: '5d78dd4cdd4f91895b299add48c6e3dd5f50322c',
18 silly publish   _from: '.' }
19 verbose getPublishConfig undefined
20 silly mapToRegistry name roman-to-arabic-lib-ab
21 silly mapToRegistry using default registry
22 silly mapToRegistry registry https://registry.npmjs.org/
23 silly mapToRegistry uri https://registry.npmjs.org/roman-to-arabic-lib-ab
24 verbose publish registryBase https://registry.npmjs.org/
25 silly publish uploading /home/ana/.npm/roman-to-arabic-lib-ab/1.0.0/package.tgz
26 verbose request uri https://registry.npmjs.org/roman-to-arabic-lib-ab
27 verbose request sending authorization for write operation
28 info attempt registry request try #1 at 3:58:52 PM
29 verbose request using bearer token for auth
30 verbose request id 064fddbc83bee58b
31 http request PUT https://registry.npmjs.org/roman-to-arabic-lib-ab
32 http 403 https://registry.npmjs.org/roman-to-arabic-lib-ab
33 verbose headers { date: 'Tue, 07 May 2019 18:58:52 GMT',
33 verbose headers   'content-type': 'application/json',
33 verbose headers   'transfer-encoding': 'chunked',
33 verbose headers   connection: 'keep-alive',
33 verbose headers   'set-cookie':
33 verbose headers    [ '__cfduid=d7a88032dbda346afbcda049d8fe135a41557255532; expires=Wed, 06-May-20 18:58:52 GMT; path=/; domain=.registry.npmjs.org; HttpOnly' ],
33 verbose headers   'cf-ray': '4d356d869f04d000-GRU',
33 verbose headers   'expect-ct': 'max-age=604800, report-uri="https://report-uri.cloudflare.com/cdn-cgi/beacon/expect-ct"',
33 verbose headers   vary: 'Accept-Encoding',
33 verbose headers   server: 'cloudflare',
33 verbose headers   'content-encoding': 'gzip' }
34 verbose request invalidating /home/ana/.npm/registry.npmjs.org/roman-to-arabic-lib-ab on PUT
35 error publish Failed PUT 403
36 verbose stack Error: you must verify your email before publishing a new package: https://www.npmjs.com/email-edit : roman-to-arabic-lib-ab
36 verbose stack     at makeError (/usr/share/npm/node_modules/npm-registry-client/lib/request.js:264:12)
36 verbose stack     at CachingRegistryClient.<anonymous> (/usr/share/npm/node_modules/npm-registry-client/lib/request.js:252:14)
36 verbose stack     at /usr/share/npm/node_modules/npm-registry-client/lib/request.js:178:7
36 verbose stack     at Gunzip.onEnd (zlib.js:131:5)
36 verbose stack     at emitNone (events.js:111:20)
36 verbose stack     at Gunzip.emit (events.js:208:7)
36 verbose stack     at endReadableNT (_stream_readable.js:1064:12)
36 verbose stack     at _combinedTickCallback (internal/process/next_tick.js:138:11)
36 verbose stack     at process._tickCallback (internal/process/next_tick.js:180:9)
37 verbose statusCode 403
38 verbose pkgid roman-to-arabic-lib-ab
39 verbose cwd /home/ana/Documents/roman-to-arabic
40 error Linux 4.18.0-18-generic
41 error argv "/usr/bin/node" "/usr/bin/npm" "publish"
42 error node v8.10.0
43 error npm  v3.5.2
44 error code E403
45 error you must verify your email before publishing a new package: https://www.npmjs.com/email-edit : roman-to-arabic-lib-ab
46 error If you need help, you may report this error at:
46 error     <https://github.com/npm/npm/issues>
47 verbose exit [ 1, true ]
